{"/Users/noahglaser/project/node/electron-tool-tracker/app/app.ts": {"path":"/Users/noahglaser/project/node/electron-tool-tracker/app/app.ts","statementMap":{"0":{"start":{"line":1,"column":0},"end":{"line":1,"column":43}},"1":{"start":{"line":2,"column":0},"end":{"line":2,"column":37}},"2":{"start":{"line":3,"column":0},"end":{"line":3,"column":40}},"3":{"start":{"line":4,"column":0},"end":{"line":4,"column":78}},"4":{"start":{"line":5,"column":0},"end":{"line":5,"column":24}},"5":{"start":{"line":6,"column":0},"end":{"line":6,"column":64}},"6":{"start":{"line":7,"column":0},"end":{"line":7,"column":51}},"7":{"start":{"line":8,"column":0},"end":{"line":8,"column":78}},"8":{"start":{"line":9,"column":0},"end":{"line":9,"column":74}},"9":{"start":{"line":10,"column":0},"end":{"line":10,"column":67}},"10":{"start":{"line":11,"column":0},"end":{"line":11,"column":43}},"11":{"start":{"line":13,"column":33},"end":{"line":13,"column":42}},"12":{"start":{"line":15,"column":15},"end":{"line":15,"column":31}},"13":{"start":{"line":16,"column":0},"end":{"line":16,"column":12}},"14":{"start":{"line":19,"column":0},"end":{"line":19,"column":16}},"15":{"start":{"line":21,"column":0},"end":{"line":38,"column":3}},"16":{"start":{"line":23,"column":16},"end":{"line":23,"column":60}},"17":{"start":{"line":26,"column":2},"end":{"line":26,"column":9}},"18":{"start":{"line":27,"column":2},"end":{"line":27,"column":9}},"19":{"start":{"line":31,"column":2},"end":{"line":31,"column":18}},"20":{"start":{"line":32,"column":2},"end":{"line":32,"column":45}},"21":{"start":{"line":33,"column":2},"end":{"line":33,"column":9}},"22":{"start":{"line":36,"column":1},"end":{"line":36,"column":17}},"23":{"start":{"line":37,"column":1},"end":{"line":37,"column":43}},"24":{"start":{"line":40,"column":0},"end":{"line":40,"column":30}},"25":{"start":{"line":41,"column":0},"end":{"line":41,"column":54}},"26":{"start":{"line":46,"column":0},"end":{"line":58,"column":3}},"27":{"start":{"line":46,"column":40},"end":{"line":58,"column":2}},"28":{"start":{"line":49,"column":19},"end":{"line":49,"column":27}},"29":{"start":{"line":50,"column":2},"end":{"line":50,"column":74}},"30":{"start":{"line":51,"column":2},"end":{"line":51,"column":32}},"31":{"start":{"line":52,"column":15},"end":{"line":52,"column":49}},"32":{"start":{"line":53,"column":2},"end":{"line":53,"column":38}},"33":{"start":{"line":54,"column":2},"end":{"line":54,"column":9}},"34":{"start":{"line":56,"column":2},"end":{"line":56,"column":26}},"35":{"start":{"line":63,"column":0},"end":{"line":70,"column":3}},"36":{"start":{"line":63,"column":39},"end":{"line":70,"column":2}},"37":{"start":{"line":65,"column":2},"end":{"line":65,"column":51}},"38":{"start":{"line":66,"column":2},"end":{"line":66,"column":9}},"39":{"start":{"line":68,"column":2},"end":{"line":68,"column":26}},"40":{"start":{"line":72,"column":0},"end":{"line":84,"column":3}},"41":{"start":{"line":72,"column":39},"end":{"line":84,"column":2}},"42":{"start":{"line":75,"column":16},"end":{"line":75,"column":32}},"43":{"start":{"line":76,"column":2},"end":{"line":76,"column":52}},"44":{"start":{"line":77,"column":2},"end":{"line":78,"column":32}},"45":{"start":{"line":81,"column":2},"end":{"line":81,"column":25}},"46":{"start":{"line":86,"column":0},"end":{"line":119,"column":3}},"47":{"start":{"line":86,"column":54},"end":{"line":119,"column":2}},"48":{"start":{"line":88,"column":12},"end":{"line":88,"column":28}},"49":{"start":{"line":91,"column":2},"end":{"line":91,"column":53}},"50":{"start":{"line":92,"column":2},"end":{"line":92,"column":9}},"51":{"start":{"line":97,"column":3},"end":{"line":97,"column":77}},"52":{"start":{"line":100,"column":3},"end":{"line":101,"column":13}},"53":{"start":{"line":102,"column":3},"end":{"line":102,"column":10}},"54":{"start":{"line":106,"column":3},"end":{"line":107,"column":53}},"55":{"start":{"line":108,"column":3},"end":{"line":108,"column":10}},"56":{"start":{"line":111,"column":2},"end":{"line":111,"column":53}},"57":{"start":{"line":112,"column":2},"end":{"line":112,"column":9}},"58":{"start":{"line":115,"column":2},"end":{"line":115,"column":17}},"59":{"start":{"line":116,"column":2},"end":{"line":116,"column":25}},"60":{"start":{"line":117,"column":2},"end":{"line":117,"column":9}},"61":{"start":{"line":121,"column":0},"end":{"line":153,"column":3}},"62":{"start":{"line":121,"column":52},"end":{"line":153,"column":2}},"63":{"start":{"line":122,"column":12},"end":{"line":122,"column":28}},"64":{"start":{"line":125,"column":2},"end":{"line":125,"column":53}},"65":{"start":{"line":126,"column":2},"end":{"line":126,"column":9}},"66":{"start":{"line":131,"column":3},"end":{"line":131,"column":75}},"67":{"start":{"line":134,"column":3},"end":{"line":135,"column":13}},"68":{"start":{"line":136,"column":3},"end":{"line":136,"column":10}},"69":{"start":{"line":140,"column":3},"end":{"line":141,"column":55}},"70":{"start":{"line":142,"column":3},"end":{"line":142,"column":10}},"71":{"start":{"line":145,"column":2},"end":{"line":145,"column":53}},"72":{"start":{"line":146,"column":2},"end":{"line":146,"column":9}},"73":{"start":{"line":149,"column":2},"end":{"line":149,"column":17}},"74":{"start":{"line":150,"column":2},"end":{"line":150,"column":25}},"75":{"start":{"line":151,"column":2},"end":{"line":151,"column":9}},"76":{"start":{"line":156,"column":0},"end":{"line":156,"column":21}},"77":{"start":{"line":161,"column":20},"end":{"line":170,"column":1}},"78":{"start":{"line":163,"column":2},"end":{"line":164,"column":16}},"79":{"start":{"line":165,"column":2},"end":{"line":165,"column":9}},"80":{"start":{"line":168,"column":1},"end":{"line":168,"column":60}},"81":{"start":{"line":169,"column":1},"end":{"line":169,"column":8}},"82":{"start":{"line":172,"column":0},"end":{"line":174,"column":3}},"83":{"start":{"line":173,"column":1},"end":{"line":173,"column":52}}},"fnMap":{"0":{"name":"(anonymous_7)","decl":{"start":{"line":21,"column":11},"end":{"line":21,"column":12}},"loc":{"start":{"line":21,"column":30},"end":{"line":38,"column":1}}},"1":{"name":"(anonymous_8)","decl":{"start":{"line":46,"column":21},"end":{"line":46,"column":28}},"loc":{"start":{"line":46,"column":40},"end":{"line":58,"column":2}}},"2":{"name":"(anonymous_9)","decl":{"start":{"line":46,"column":40},"end":{"line":46,"column":null}},"loc":{"start":{"line":46,"column":40},"end":{"line":58,"column":1}}},"3":{"name":"(anonymous_10)","decl":{"start":{"line":63,"column":20},"end":{"line":63,"column":27}},"loc":{"start":{"line":63,"column":39},"end":{"line":70,"column":2}}},"4":{"name":"(anonymous_11)","decl":{"start":{"line":63,"column":39},"end":{"line":63,"column":null}},"loc":{"start":{"line":63,"column":39},"end":{"line":70,"column":1}}},"5":{"name":"(anonymous_12)","decl":{"start":{"line":72,"column":20},"end":{"line":72,"column":27}},"loc":{"start":{"line":72,"column":39},"end":{"line":84,"column":2}}},"6":{"name":"(anonymous_13)","decl":{"start":{"line":72,"column":39},"end":{"line":72,"column":null}},"loc":{"start":{"line":72,"column":39},"end":{"line":84,"column":1}}},"7":{"name":"(anonymous_14)","decl":{"start":{"line":86,"column":35},"end":{"line":86,"column":42}},"loc":{"start":{"line":86,"column":54},"end":{"line":119,"column":2}}},"8":{"name":"(anonymous_15)","decl":{"start":{"line":86,"column":54},"end":{"line":86,"column":null}},"loc":{"start":{"line":86,"column":54},"end":{"line":119,"column":1}}},"9":{"name":"(anonymous_16)","decl":{"start":{"line":121,"column":33},"end":{"line":121,"column":40}},"loc":{"start":{"line":121,"column":52},"end":{"line":153,"column":2}}},"10":{"name":"(anonymous_17)","decl":{"start":{"line":121,"column":52},"end":{"line":121,"column":null}},"loc":{"start":{"line":121,"column":52},"end":{"line":153,"column":1}}},"11":{"name":"(anonymous_18)","decl":{"start":{"line":161,"column":20},"end":{"line":161,"column":21}},"loc":{"start":{"line":161,"column":45},"end":{"line":170,"column":1}}},"12":{"name":"(anonymous_19)","decl":{"start":{"line":172,"column":17},"end":{"line":172,"column":null}},"loc":{"start":{"line":172,"column":17},"end":{"line":174,"column":1}}}},"branchMap":{},"s":{"0":0,"1":0,"2":0,"3":0,"4":0,"5":0,"6":0,"7":0,"8":0,"9":0,"10":0,"11":0,"12":0,"13":0,"14":0,"15":0,"16":0,"17":0,"18":0,"19":0,"20":0,"21":0,"22":0,"23":0,"24":0,"25":0,"26":0,"27":0,"28":0,"29":0,"30":0,"31":0,"32":0,"33":0,"34":0,"35":0,"36":0,"37":0,"38":0,"39":0,"40":0,"41":0,"42":0,"43":0,"44":0,"45":0,"46":0,"47":0,"48":0,"49":0,"50":0,"51":0,"52":0,"53":0,"54":0,"55":0,"56":0,"57":0,"58":0,"59":0,"60":0,"61":0,"62":0,"63":0,"64":0,"65":0,"66":0,"67":0,"68":0,"69":0,"70":0,"71":0,"72":0,"73":0,"74":0,"75":0,"76":0,"77":0,"78":0,"79":0,"80":0,"81":0,"82":0,"83":0},"f":{"0":0,"1":0,"2":0,"3":0,"4":0,"5":0,"6":0,"7":0,"8":0,"9":0,"10":0,"11":0,"12":0},"b":{}}
,"/Users/noahglaser/project/node/electron-tool-tracker/app/bootstrap.ts": {"path":"/Users/noahglaser/project/node/electron-tool-tracker/app/bootstrap.ts","statementMap":{"0":{"start":{"line":1,"column":0},"end":{"line":1,"column":32}},"1":{"start":{"line":2,"column":15},"end":{"line":2,"column":42}},"2":{"start":{"line":4,"column":12},"end":{"line":4,"column":52}},"3":{"start":{"line":7,"column":13},"end":{"line":15,"column":2}},"4":{"start":{"line":8,"column":1},"end":{"line":14,"column":4}},"5":{"start":{"line":10,"column":3},"end":{"line":10,"column":30}},"6":{"start":{"line":12,"column":3},"end":{"line":12,"column":44}}},"fnMap":{"0":{"name":"(anonymous_1)","decl":{"start":{"line":7,"column":25},"end":{"line":7,"column":28}},"loc":{"start":{"line":7,"column":30},"end":{"line":15,"column":1}}},"1":{"name":"(anonymous_2)","decl":{"start":{"line":8,"column":24},"end":{"line":8,"column":26}},"loc":{"start":{"line":8,"column":39},"end":{"line":14,"column":2}}}},"branchMap":{},"s":{"0":0,"1":0,"2":0,"3":0,"4":0,"5":0,"6":0},"f":{"0":0,"1":0},"b":{}}
,"/Users/noahglaser/project/node/electron-tool-tracker/app/entity/tool.ts": {"path":"/Users/noahglaser/project/node/electron-tool-tracker/app/entity/tool.ts","statementMap":{"0":{"start":{"line":1,"column":0},"end":{"line":1,"column":61}},"1":{"start":{"line":2,"column":0},"end":{"line":2,"column":57}},"2":{"start":{"line":41,"column":23},"end":{"line":50,"column":2}},"3":{"start":{"line":52,"column":19},"end":{"line":63,"column":4}},"4":{"start":{"line":65,"column":0},"end":{"line":65,"column":35}},"5":{"start":{"line":67,"column":27},"end":{"line":67,"column":70}},"6":{"start":{"line":70,"column":1},"end":{"line":70,"column":5}}},"fnMap":{},"branchMap":{},"s":{"0":4,"1":4,"2":4,"3":4,"4":4,"5":4,"6":4},"f":{},"b":{}}
,"/Users/noahglaser/project/node/electron-tool-tracker/app/scripts/command.ts": {"path":"/Users/noahglaser/project/node/electron-tool-tracker/app/scripts/command.ts","statementMap":{"0":{"start":{"line":1,"column":0},"end":{"line":1,"column":54}},"1":{"start":{"line":4,"column":14},"end":{"line":4,"column":1018}},"2":{"start":{"line":9,"column":0},"end":{"line":9,"column":45}}},"fnMap":{},"branchMap":{},"s":{"0":0,"1":0,"2":0},"f":{},"b":{}}
,"/Users/noahglaser/project/node/electron-tool-tracker/app/scripts/jwt_token.ts": {"path":"/Users/noahglaser/project/node/electron-tool-tracker/app/scripts/jwt_token.ts","statementMap":{"0":{"start":{"line":1,"column":0},"end":{"line":1,"column":32}},"1":{"start":{"line":2,"column":1},"end":{"line":2,"column":55}},"2":{"start":{"line":3,"column":15},"end":{"line":3,"column":45}},"3":{"start":{"line":4,"column":0},"end":{"line":4,"column":117}},"4":{"start":{"line":12,"column":17},"end":{"line":12,"column":46}},"5":{"start":{"line":15,"column":20},"end":{"line":53,"column":1}},"6":{"start":{"line":24,"column":32},"end":{"line":24,"column":77}},"7":{"start":{"line":32,"column":22},"end":{"line":32,"column":47}},"8":{"start":{"line":36,"column":2},"end":{"line":46,"column":null}},"9":{"start":{"line":38,"column":4},"end":{"line":38,"column":18}},"10":{"start":{"line":39,"column":4},"end":{"line":39,"column":56}},"11":{"start":{"line":40,"column":4},"end":{"line":40,"column":18}},"12":{"start":{"line":44,"column":4},"end":{"line":44,"column":23}},"13":{"start":{"line":50,"column":2},"end":{"line":50,"column":17}},"14":{"start":{"line":56,"column":0},"end":{"line":56,"column":48}}},"fnMap":{"0":{"name":"(anonymous_1)","decl":{"start":{"line":15,"column":20},"end":{"line":15,"column":21}},"loc":{"start":{"line":15,"column":56},"end":{"line":53,"column":1}}},"1":{"name":"(anonymous_2)","decl":{"start":{"line":37,"column":3},"end":{"line":37,"column":12}},"loc":{"start":{"line":37,"column":77},"end":{"line":42,"column":4}}},"2":{"name":"(anonymous_3)","decl":{"start":{"line":43,"column":3},"end":{"line":43,"column":12}},"loc":{"start":{"line":43,"column":21},"end":{"line":45,"column":4}}}},"branchMap":{"0":{"loc":{"start":{"line":2,"column":25},"end":{"line":2,"column":45}},"type":"binary-expr","locations":[{"start":{"line":2,"column":25},"end":{"line":2,"column":45}},{"start":{"line":2,"column":49},"end":{"line":2,"column":54}}]}},"s":{"0":0,"1":0,"2":0,"3":0,"4":0,"5":0,"6":0,"7":0,"8":0,"9":0,"10":0,"11":0,"12":0,"13":0,"14":0},"f":{"0":0,"1":0,"2":0},"b":{"0":[0,0]}}
,"/Users/noahglaser/project/node/electron-tool-tracker/app/service/congito-client.ts": {"path":"/Users/noahglaser/project/node/electron-tool-tracker/app/service/congito-client.ts","statementMap":{"0":{"start":{"line":1,"column":0},"end":{"line":1,"column":26}},"1":{"start":{"line":2,"column":15},"end":{"line":2,"column":45}},"2":{"start":{"line":4,"column":13},"end":{"line":6,"column":3}}},"fnMap":{},"branchMap":{},"s":{"0":5,"1":5,"2":5},"f":{},"b":{}}
,"/Users/noahglaser/project/node/electron-tool-tracker/app/service/fetch-user.ts": {"path":"/Users/noahglaser/project/node/electron-tool-tracker/app/service/fetch-user.ts","statementMap":{"0":{"start":{"line":2,"column":14},"end":{"line":2,"column":37}},"1":{"start":{"line":3,"column":15},"end":{"line":3,"column":45}},"2":{"start":{"line":4,"column":0},"end":{"line":4,"column":49}},"3":{"start":{"line":7,"column":13},"end":{"line":43,"column":2}},"4":{"start":{"line":7,"column":50},"end":{"line":43,"column":2}},"5":{"start":{"line":9,"column":19},"end":{"line":9,"column":42}},"6":{"start":{"line":11,"column":2},"end":{"line":11,"column":19}},"7":{"start":{"line":14,"column":16},"end":{"line":14,"column":38}},"8":{"start":{"line":20,"column":38},"end":{"line":20,"column":82}},"9":{"start":{"line":22,"column":20},"end":{"line":22,"column":34}},"10":{"start":{"line":25,"column":2},"end":{"line":25,"column":19}},"11":{"start":{"line":29,"column":2},"end":{"line":29,"column":68}},"12":{"start":{"line":29,"column":42},"end":{"line":29,"column":67}},"13":{"start":{"line":32,"column":2},"end":{"line":32,"column":19}},"14":{"start":{"line":40,"column":1},"end":{"line":40,"column":47}},"15":{"start":{"line":42,"column":1},"end":{"line":42,"column":13}}},"fnMap":{"0":{"name":"(anonymous_6)","decl":{"start":{"line":7,"column":29},"end":{"line":7,"column":36}},"loc":{"start":{"line":7,"column":50},"end":{"line":43,"column":2}}},"1":{"name":"(anonymous_7)","decl":{"start":{"line":7,"column":50},"end":{"line":7,"column":null}},"loc":{"start":{"line":7,"column":50},"end":{"line":43,"column":1}}},"2":{"name":"(anonymous_8)","decl":{"start":{"line":29,"column":29},"end":{"line":29,"column":38}},"loc":{"start":{"line":29,"column":42},"end":{"line":29,"column":67}}}},"branchMap":{},"s":{"0":5,"1":5,"2":5,"3":5,"4":3,"5":3,"6":1,"7":2,"8":2,"9":2,"10":1,"11":1,"12":1,"13":0,"14":1,"15":1},"f":{"0":3,"1":3,"2":1},"b":{}}
,"/Users/noahglaser/project/node/electron-tool-tracker/app/service/jwt.ts": {"path":"/Users/noahglaser/project/node/electron-tool-tracker/app/service/jwt.ts","statementMap":{"0":{"start":{"line":2,"column":0},"end":{"line":2,"column":26}},"1":{"start":{"line":4,"column":13},"end":{"line":8,"column":2}},"2":{"start":{"line":5,"column":17},"end":{"line":5,"column":45}},"3":{"start":{"line":7,"column":1},"end":{"line":7,"column":12}},"4":{"start":{"line":10,"column":13},"end":{"line":14,"column":2}},"5":{"start":{"line":11,"column":28},"end":{"line":11,"column":44}},"6":{"start":{"line":13,"column":1},"end":{"line":13,"column":41}},"7":{"start":{"line":16,"column":13},"end":{"line":22,"column":2}},"8":{"start":{"line":17,"column":20},"end":{"line":17,"column":56}},"9":{"start":{"line":19,"column":23},"end":{"line":19,"column":33}},"10":{"start":{"line":21,"column":1},"end":{"line":21,"column":17}}},"fnMap":{"0":{"name":"(anonymous_1)","decl":{"start":{"line":4,"column":37},"end":{"line":4,"column":38}},"loc":{"start":{"line":4,"column":55},"end":{"line":8,"column":1}}},"1":{"name":"(anonymous_2)","decl":{"start":{"line":10,"column":37},"end":{"line":10,"column":38}},"loc":{"start":{"line":10,"column":55},"end":{"line":14,"column":1}}},"2":{"name":"(anonymous_3)","decl":{"start":{"line":16,"column":38},"end":{"line":16,"column":39}},"loc":{"start":{"line":16,"column":55},"end":{"line":22,"column":1}}}},"branchMap":{},"s":{"0":1,"1":1,"2":1,"3":1,"4":1,"5":1,"6":1,"7":1,"8":1,"9":1,"10":1},"f":{"0":1,"1":1,"2":1},"b":{}}
,"/Users/noahglaser/project/node/electron-tool-tracker/app/service/verify-token.ts": {"path":"/Users/noahglaser/project/node/electron-tool-tracker/app/service/verify-token.ts","statementMap":{"0":{"start":{"line":1,"column":0},"end":{"line":1,"column":31}},"1":{"start":{"line":2,"column":0},"end":{"line":2,"column":35}},"2":{"start":{"line":3,"column":0},"end":{"line":3,"column":46}},"3":{"start":{"line":6,"column":12},"end":{"line":6,"column":25}},"4":{"start":{"line":10,"column":0},"end":{"line":10,"column":null}},"5":{"start":{"line":11,"column":1},"end":{"line":11,"column":null}},"6":{"start":{"line":12,"column":1},"end":{"line":12,"column":null}},"7":{"start":{"line":13,"column":1},"end":{"line":13,"column":null}},"8":{"start":{"line":16,"column":13},"end":{"line":27,"column":2}},"9":{"start":{"line":19,"column":2},"end":{"line":19,"column":31}},"10":{"start":{"line":23,"column":2},"end":{"line":23,"column":null}},"11":{"start":{"line":26,"column":1},"end":{"line":26,"column":33}},"12":{"start":{"line":29,"column":13},"end":{"line":36,"column":2}},"13":{"start":{"line":31,"column":2},"end":{"line":31,"column":28}},"14":{"start":{"line":32,"column":2},"end":{"line":32,"column":14}},"15":{"start":{"line":34,"column":2},"end":{"line":34,"column":15}}},"fnMap":{"0":{"name":"(anonymous_1)","decl":{"start":{"line":10,"column":0},"end":{"line":10,"column":12}},"loc":{"start":{"line":10,"column":20},"end":{"line":14,"column":1}}},"1":{"name":"(anonymous_2)","decl":{"start":{"line":16,"column":31},"end":{"line":16,"column":32}},"loc":{"start":{"line":16,"column":69},"end":{"line":27,"column":1}}},"2":{"name":"(anonymous_3)","decl":{"start":{"line":29,"column":27},"end":{"line":29,"column":28}},"loc":{"start":{"line":29,"column":57},"end":{"line":36,"column":1}}}},"branchMap":{"0":{"loc":{"start":{"line":10,"column":12},"end":{"line":10,"column":20}},"type":"binary-expr","locations":[{"start":{"line":10,"column":12},"end":{"line":10,"column":20}},{"start":{"line":10,"column":12},"end":{"line":10,"column":null}}]}},"s":{"0":1,"1":1,"2":1,"3":1,"4":1,"5":1,"6":1,"7":1,"8":1,"9":1,"10":1,"11":1,"12":1,"13":2,"14":1,"15":1},"f":{"0":1,"1":3,"2":2},"b":{"0":[1,1]}}
,"/Users/noahglaser/project/node/electron-tool-tracker/app/service/tool/checkout.ts": {"path":"/Users/noahglaser/project/node/electron-tool-tracker/app/service/tool/checkout.ts","statementMap":{"0":{"start":{"line":1,"column":0},"end":{"line":1,"column":48}},"1":{"start":{"line":2,"column":0},"end":{"line":2,"column":56}},"2":{"start":{"line":5,"column":0},"end":{"line":5,"column":null}},"3":{"start":{"line":6,"column":1},"end":{"line":6,"column":null}},"4":{"start":{"line":7,"column":1},"end":{"line":7,"column":null}},"5":{"start":{"line":8,"column":1},"end":{"line":8,"column":null}},"6":{"start":{"line":14,"column":13},"end":{"line":42,"column":2}},"7":{"start":{"line":14,"column":103},"end":{"line":42,"column":2}},"8":{"start":{"line":17,"column":1},"end":{"line":17,"column":45}},"9":{"start":{"line":20,"column":2},"end":{"line":20,"column":46}},"10":{"start":{"line":23,"column":1},"end":{"line":23,"column":33}},"11":{"start":{"line":25,"column":28},"end":{"line":25,"column":48}},"12":{"start":{"line":28,"column":2},"end":{"line":28,"column":47}},"13":{"start":{"line":31,"column":1},"end":{"line":31,"column":68}},"14":{"start":{"line":33,"column":1},"end":{"line":36,"column":5}},"15":{"start":{"line":39,"column":1},"end":{"line":39,"column":49}},"16":{"start":{"line":41,"column":1},"end":{"line":41,"column":42}}},"fnMap":{"0":{"name":"(anonymous_6)","decl":{"start":{"line":5,"column":0},"end":{"line":5,"column":12}},"loc":{"start":{"line":5,"column":33},"end":{"line":9,"column":1}}},"1":{"name":"(anonymous_7)","decl":{"start":{"line":14,"column":28},"end":{"line":14,"column":36}},"loc":{"start":{"line":14,"column":103},"end":{"line":42,"column":2}}},"2":{"name":"(anonymous_8)","decl":{"start":{"line":14,"column":103},"end":{"line":14,"column":null}},"loc":{"start":{"line":14,"column":103},"end":{"line":42,"column":1}}}},"branchMap":{"0":{"loc":{"start":{"line":5,"column":12},"end":{"line":5,"column":33}},"type":"binary-expr","locations":[{"start":{"line":5,"column":12},"end":{"line":5,"column":33}},{"start":{"line":5,"column":12},"end":{"line":5,"column":null}}]},"1":{"loc":{"start":{"line":27,"column":5},"end":{"line":27,"column":19}},"type":"binary-expr","locations":[{"start":{"line":27,"column":5},"end":{"line":27,"column":19}},{"start":{"line":27,"column":23},"end":{"line":27,"column":49}}]},"2":{"loc":{"start":{"line":31,"column":42},"end":{"line":31,"column":44}},"type":"cond-expr","locations":[{"start":{"line":31,"column":42},"end":{"line":31,"column":44}},{"start":{"line":31,"column":47},"end":{"line":31,"column":67}}]}},"s":{"0":1,"1":1,"2":1,"3":1,"4":1,"5":1,"6":1,"7":4,"8":4,"9":1,"10":3,"11":3,"12":1,"13":2,"14":2,"15":2,"16":2},"f":{"0":1,"1":4,"2":4},"b":{"0":[1,1],"1":[3,2],"2":[1,1]}}
,"/Users/noahglaser/project/node/electron-tool-tracker/app/service/tool/get-tool.ts": {"path":"/Users/noahglaser/project/node/electron-tool-tracker/app/service/tool/get-tool.ts","statementMap":{"0":{"start":{"line":1,"column":0},"end":{"line":1,"column":55}},"1":{"start":{"line":2,"column":0},"end":{"line":2,"column":70}},"2":{"start":{"line":7,"column":13},"end":{"line":18,"column":2}},"3":{"start":{"line":7,"column":60},"end":{"line":18,"column":2}},"4":{"start":{"line":8,"column":15},"end":{"line":11,"column":15}},"5":{"start":{"line":13,"column":1},"end":{"line":15,"column":4}},"6":{"start":{"line":14,"column":2},"end":{"line":14,"column":34}},"7":{"start":{"line":17,"column":1},"end":{"line":17,"column":52}},"8":{"start":{"line":23,"column":13},"end":{"line":33,"column":2}},"9":{"start":{"line":23,"column":78},"end":{"line":33,"column":2}},"10":{"start":{"line":24,"column":14},"end":{"line":24,"column":44}},"11":{"start":{"line":27,"column":2},"end":{"line":27,"column":19}},"12":{"start":{"line":30,"column":1},"end":{"line":30,"column":31}},"13":{"start":{"line":32,"column":1},"end":{"line":32,"column":27}}},"fnMap":{"0":{"name":"(anonymous_6)","decl":{"start":{"line":7,"column":24},"end":{"line":7,"column":58}},"loc":{"start":{"line":7,"column":60},"end":{"line":18,"column":2}}},"1":{"name":"(anonymous_7)","decl":{"start":{"line":7,"column":60},"end":{"line":7,"column":null}},"loc":{"start":{"line":7,"column":60},"end":{"line":18,"column":1}}},"2":{"name":"(anonymous_8)","decl":{"start":{"line":13,"column":16},"end":{"line":13,"column":20}},"loc":{"start":{"line":13,"column":23},"end":{"line":15,"column":2}}},"3":{"name":"(anonymous_9)","decl":{"start":{"line":23,"column":23},"end":{"line":23,"column":30}},"loc":{"start":{"line":23,"column":78},"end":{"line":33,"column":2}}},"4":{"name":"(anonymous_10)","decl":{"start":{"line":23,"column":78},"end":{"line":23,"column":null}},"loc":{"start":{"line":23,"column":78},"end":{"line":33,"column":1}}}},"branchMap":{},"s":{"0":1,"1":1,"2":1,"3":0,"4":0,"5":0,"6":0,"7":0,"8":1,"9":1,"10":1,"11":1,"12":0,"13":0},"f":{"0":0,"1":0,"2":0,"3":1,"4":1},"b":{}}
,"/Users/noahglaser/project/node/electron-tool-tracker/app/service/tool/return-tool.ts": {"path":"/Users/noahglaser/project/node/electron-tool-tracker/app/service/tool/return-tool.ts","statementMap":{"0":{"start":{"line":1,"column":0},"end":{"line":1,"column":48}},"1":{"start":{"line":2,"column":0},"end":{"line":2,"column":56}},"2":{"start":{"line":4,"column":0},"end":{"line":4,"column":null}},"3":{"start":{"line":5,"column":1},"end":{"line":5,"column":null}},"4":{"start":{"line":6,"column":1},"end":{"line":6,"column":null}},"5":{"start":{"line":7,"column":1},"end":{"line":7,"column":null}},"6":{"start":{"line":13,"column":13},"end":{"line":37,"column":2}},"7":{"start":{"line":13,"column":96},"end":{"line":37,"column":2}},"8":{"start":{"line":17,"column":1},"end":{"line":17,"column":45}},"9":{"start":{"line":20,"column":2},"end":{"line":20,"column":41}},"10":{"start":{"line":23,"column":1},"end":{"line":23,"column":33}},"11":{"start":{"line":25,"column":28},"end":{"line":25,"column":48}},"12":{"start":{"line":28,"column":2},"end":{"line":28,"column":48}},"13":{"start":{"line":31,"column":1},"end":{"line":31,"column":40}},"14":{"start":{"line":32,"column":1},"end":{"line":32,"column":43}},"15":{"start":{"line":34,"column":1},"end":{"line":34,"column":49}},"16":{"start":{"line":36,"column":1},"end":{"line":36,"column":34}}},"fnMap":{"0":{"name":"(anonymous_6)","decl":{"start":{"line":4,"column":0},"end":{"line":4,"column":12}},"loc":{"start":{"line":4,"column":28},"end":{"line":8,"column":1}}},"1":{"name":"(anonymous_7)","decl":{"start":{"line":13,"column":26},"end":{"line":13,"column":34}},"loc":{"start":{"line":13,"column":96},"end":{"line":37,"column":2}}},"2":{"name":"(anonymous_8)","decl":{"start":{"line":13,"column":96},"end":{"line":13,"column":null}},"loc":{"start":{"line":13,"column":96},"end":{"line":37,"column":1}}}},"branchMap":{"0":{"loc":{"start":{"line":4,"column":12},"end":{"line":4,"column":28}},"type":"binary-expr","locations":[{"start":{"line":4,"column":12},"end":{"line":4,"column":28}},{"start":{"line":4,"column":12},"end":{"line":4,"column":null}}]}},"s":{"0":1,"1":1,"2":1,"3":1,"4":1,"5":1,"6":1,"7":3,"8":3,"9":1,"10":2,"11":2,"12":1,"13":1,"14":1,"15":1,"16":1},"f":{"0":1,"1":3,"2":3},"b":{"0":[1,1]}}
,"/Users/noahglaser/project/node/electron-tool-tracker/app/service/tool/save-tool.ts": {"path":"/Users/noahglaser/project/node/electron-tool-tracker/app/service/tool/save-tool.ts","statementMap":{"0":{"start":{"line":1,"column":0},"end":{"line":1,"column":48}},"1":{"start":{"line":3,"column":13},"end":{"line":5,"column":2}},"2":{"start":{"line":3,"column":48},"end":{"line":5,"column":2}},"3":{"start":{"line":4,"column":1},"end":{"line":4,"column":54}},"4":{"start":{"line":7,"column":13},"end":{"line":13,"column":2}},"5":{"start":{"line":7,"column":57},"end":{"line":13,"column":2}},"6":{"start":{"line":8,"column":14},"end":{"line":8,"column":59}},"7":{"start":{"line":9,"column":1},"end":{"line":9,"column":44}},"8":{"start":{"line":10,"column":1},"end":{"line":10,"column":30}},"9":{"start":{"line":11,"column":1},"end":{"line":11,"column":30}},"10":{"start":{"line":12,"column":1},"end":{"line":12,"column":56}}},"fnMap":{"0":{"name":"(anonymous_6)","decl":{"start":{"line":3,"column":24},"end":{"line":3,"column":32}},"loc":{"start":{"line":3,"column":48},"end":{"line":5,"column":2}}},"1":{"name":"(anonymous_7)","decl":{"start":{"line":3,"column":48},"end":{"line":3,"column":null}},"loc":{"start":{"line":3,"column":48},"end":{"line":5,"column":1}}},"2":{"name":"(anonymous_8)","decl":{"start":{"line":7,"column":26},"end":{"line":7,"column":34}},"loc":{"start":{"line":7,"column":57},"end":{"line":13,"column":2}}},"3":{"name":"(anonymous_9)","decl":{"start":{"line":7,"column":57},"end":{"line":7,"column":null}},"loc":{"start":{"line":7,"column":57},"end":{"line":13,"column":1}}}},"branchMap":{},"s":{"0":1,"1":1,"2":1,"3":1,"4":1,"5":1,"6":1,"7":1,"8":1,"9":1,"10":1},"f":{"0":1,"1":1,"2":1,"3":1},"b":{}}
,"/Users/noahglaser/project/node/electron-tool-tracker/app/service/tool/tool-helper.ts": {"path":"/Users/noahglaser/project/node/electron-tool-tracker/app/service/tool/tool-helper.ts","statementMap":{"0":{"start":{"line":2,"column":0},"end":{"line":2,"column":46}},"1":{"start":{"line":7,"column":13},"end":{"line":10,"column":2}},"2":{"start":{"line":8,"column":1},"end":{"line":9,"column":56}},"3":{"start":{"line":9,"column":2},"end":{"line":9,"column":53}},"4":{"start":{"line":15,"column":13},"end":{"line":29,"column":2}},"5":{"start":{"line":15,"column":75},"end":{"line":29,"column":2}},"6":{"start":{"line":17,"column":25},"end":{"line":17,"column":56}},"7":{"start":{"line":19,"column":1},"end":{"line":28,"column":null}},"8":{"start":{"line":34,"column":13},"end":{"line":45,"column":2}},"9":{"start":{"line":34,"column":86},"end":{"line":45,"column":2}},"10":{"start":{"line":35,"column":1},"end":{"line":44,"column":5}},"11":{"start":{"line":35,"column":65},"end":{"line":44,"column":3}},"12":{"start":{"line":36,"column":21},"end":{"line":36,"column":105}},"13":{"start":{"line":38,"column":2},"end":{"line":43,"column":null}}},"fnMap":{"0":{"name":"(anonymous_6)","decl":{"start":{"line":7,"column":39},"end":{"line":7,"column":41}},"loc":{"start":{"line":7,"column":57},"end":{"line":10,"column":1}}},"1":{"name":"(anonymous_7)","decl":{"start":{"line":8,"column":51},"end":{"line":8,"column":53}},"loc":{"start":{"line":9,"column":2},"end":{"line":9,"column":53}}},"2":{"name":"(anonymous_8)","decl":{"start":{"line":15,"column":28},"end":{"line":15,"column":36}},"loc":{"start":{"line":15,"column":75},"end":{"line":29,"column":2}}},"3":{"name":"(anonymous_9)","decl":{"start":{"line":15,"column":75},"end":{"line":15,"column":null}},"loc":{"start":{"line":15,"column":75},"end":{"line":29,"column":1}}},"4":{"name":"(anonymous_10)","decl":{"start":{"line":34,"column":35},"end":{"line":34,"column":42}},"loc":{"start":{"line":34,"column":86},"end":{"line":45,"column":2}}},"5":{"name":"(anonymous_11)","decl":{"start":{"line":34,"column":86},"end":{"line":34,"column":null}},"loc":{"start":{"line":34,"column":86},"end":{"line":45,"column":1}}},"6":{"name":"(anonymous_12)","decl":{"start":{"line":35,"column":47},"end":{"line":35,"column":55}},"loc":{"start":{"line":35,"column":65},"end":{"line":44,"column":3}}},"7":{"name":"(anonymous_13)","decl":{"start":{"line":35,"column":65},"end":{"line":35,"column":null}},"loc":{"start":{"line":35,"column":65},"end":{"line":44,"column":2}}}},"branchMap":{"0":{"loc":{"start":{"line":36,"column":47},"end":{"line":36,"column":93}},"type":"cond-expr","locations":[{"start":{"line":36,"column":47},"end":{"line":36,"column":93}},{"start":{"line":36,"column":96},"end":{"line":36,"column":105}}]}},"s":{"0":4,"1":4,"2":6,"3":3,"4":4,"5":1,"6":1,"7":1,"8":4,"9":1,"10":1,"11":3,"12":3,"13":3},"f":{"0":6,"1":3,"2":1,"3":1,"4":1,"5":1,"6":3,"7":3},"b":{"0":[2,1]}}
}
