TN:
SF:/Users/noahglaser/project/node/electron-tool-tracker/app/app.ts
FN:21,(anonymous_7)
FN:46,(anonymous_8)
FN:46,(anonymous_9)
FN:63,(anonymous_10)
FN:63,(anonymous_11)
FN:72,(anonymous_12)
FN:72,(anonymous_13)
FN:86,(anonymous_14)
FN:86,(anonymous_15)
FN:121,(anonymous_16)
FN:121,(anonymous_17)
FN:161,(anonymous_18)
FN:172,(anonymous_19)
FNF:13
FNH:0
FNDA:0,(anonymous_7)
FNDA:0,(anonymous_8)
FNDA:0,(anonymous_9)
FNDA:0,(anonymous_10)
FNDA:0,(anonymous_11)
FNDA:0,(anonymous_12)
FNDA:0,(anonymous_13)
FNDA:0,(anonymous_14)
FNDA:0,(anonymous_15)
FNDA:0,(anonymous_16)
FNDA:0,(anonymous_17)
FNDA:0,(anonymous_18)
FNDA:0,(anonymous_19)
DA:1,0
DA:2,0
DA:3,0
DA:4,0
DA:5,0
DA:6,0
DA:7,0
DA:8,0
DA:9,0
DA:10,0
DA:11,0
DA:13,0
DA:15,0
DA:16,0
DA:19,0
DA:21,0
DA:23,0
DA:26,0
DA:27,0
DA:31,0
DA:32,0
DA:33,0
DA:36,0
DA:37,0
DA:40,0
DA:41,0
DA:46,0
DA:49,0
DA:50,0
DA:51,0
DA:52,0
DA:53,0
DA:54,0
DA:56,0
DA:63,0
DA:65,0
DA:66,0
DA:68,0
DA:72,0
DA:75,0
DA:76,0
DA:77,0
DA:81,0
DA:86,0
DA:88,0
DA:91,0
DA:92,0
DA:97,0
DA:100,0
DA:102,0
DA:106,0
DA:108,0
DA:111,0
DA:112,0
DA:115,0
DA:116,0
DA:117,0
DA:121,0
DA:122,0
DA:125,0
DA:126,0
DA:131,0
DA:134,0
DA:136,0
DA:140,0
DA:142,0
DA:145,0
DA:146,0
DA:149,0
DA:150,0
DA:151,0
DA:156,0
DA:161,0
DA:163,0
DA:165,0
DA:168,0
DA:169,0
DA:172,0
DA:173,0
LF:79
LH:0
BRF:0
BRH:0
end_of_record
TN:
SF:/Users/noahglaser/project/node/electron-tool-tracker/app/bootstrap.ts
FN:7,(anonymous_1)
FN:8,(anonymous_2)
FNF:2
FNH:0
FNDA:0,(anonymous_1)
FNDA:0,(anonymous_2)
DA:1,0
DA:2,0
DA:4,0
DA:7,0
DA:8,0
DA:10,0
DA:12,0
LF:7
LH:0
BRF:0
BRH:0
end_of_record
TN:
SF:/Users/noahglaser/project/node/electron-tool-tracker/app/entity/tool.ts
FNF:0
FNH:0
DA:1,4
DA:2,4
DA:41,4
DA:52,4
DA:65,4
DA:67,4
DA:70,4
LF:7
LH:7
BRF:0
BRH:0
end_of_record
TN:
SF:/Users/noahglaser/project/node/electron-tool-tracker/app/scripts/verify-token.ts
FNF:0
FNH:0
DA:1,0
DA:4,0
DA:9,0
LF:3
LH:0
BRF:0
BRH:0
end_of_record
TN:
SF:/Users/noahglaser/project/node/electron-tool-tracker/app/scripts/jwt_token.ts
FN:15,(anonymous_1)
FN:37,(anonymous_2)
FN:43,(anonymous_3)
FNF:3
FNH:0
FNDA:0,(anonymous_1)
FNDA:0,(anonymous_2)
FNDA:0,(anonymous_3)
DA:1,0
DA:2,0
DA:3,0
DA:4,0
DA:12,0
DA:15,0
DA:24,0
DA:32,0
DA:36,0
DA:38,0
DA:39,0
DA:40,0
DA:44,0
DA:50,0
DA:56,0
LF:15
LH:0
BRDA:2,0,0,0
BRDA:2,0,1,0
BRF:2
BRH:0
end_of_record
TN:
SF:/Users/noahglaser/project/node/electron-tool-tracker/app/service/congito-client.ts
FNF:0
FNH:0
DA:1,5
DA:2,5
DA:4,5
LF:3
LH:3
BRF:0
BRH:0
end_of_record
TN:
SF:/Users/noahglaser/project/node/electron-tool-tracker/app/service/fetch-user.ts
FN:7,(anonymous_6)
FN:7,(anonymous_7)
FN:29,(anonymous_8)
FNF:3
FNH:3
FNDA:4,(anonymous_6)
FNDA:4,(anonymous_7)
FNDA:2,(anonymous_8)
DA:2,5
DA:3,5
DA:4,5
DA:7,5
DA:9,4
DA:11,1
DA:14,3
DA:20,3
DA:22,3
DA:25,1
DA:29,2
DA:32,1
DA:40,1
DA:42,1
LF:14
LH:14
BRF:0
BRH:0
end_of_record
TN:
SF:/Users/noahglaser/project/node/electron-tool-tracker/app/service/jwt.ts
FN:4,(anonymous_1)
FN:10,(anonymous_2)
FN:16,(anonymous_3)
FNF:3
FNH:3
FNDA:1,(anonymous_1)
FNDA:1,(anonymous_2)
FNDA:1,(anonymous_3)
DA:2,1
DA:4,1
DA:5,1
DA:7,1
DA:10,1
DA:11,1
DA:13,1
DA:16,1
DA:17,1
DA:19,1
DA:21,1
LF:11
LH:11
BRF:0
BRH:0
end_of_record
TN:
SF:/Users/noahglaser/project/node/electron-tool-tracker/app/service/verify-token.ts
FN:10,(anonymous_1)
FN:16,(anonymous_2)
FN:29,(anonymous_3)
FNF:3
FNH:3
FNDA:1,(anonymous_1)
FNDA:3,(anonymous_2)
FNDA:2,(anonymous_3)
DA:1,1
DA:2,1
DA:3,1
DA:6,1
DA:10,1
DA:11,1
DA:12,1
DA:13,1
DA:16,1
DA:19,1
DA:23,1
DA:26,1
DA:29,1
DA:31,2
DA:32,1
DA:34,1
LF:16
LH:16
BRDA:10,0,0,1
BRDA:10,0,1,1
BRF:2
BRH:2
end_of_record
TN:
SF:/Users/noahglaser/project/node/electron-tool-tracker/app/service/tool/checkout.ts
FN:5,(anonymous_6)
FN:14,(anonymous_7)
FN:14,(anonymous_8)
FNF:3
FNH:3
FNDA:1,(anonymous_6)
FNDA:4,(anonymous_7)
FNDA:4,(anonymous_8)
DA:1,1
DA:2,1
DA:5,1
DA:6,1
DA:7,1
DA:8,1
DA:14,4
DA:17,4
DA:20,1
DA:23,3
DA:25,3
DA:28,1
DA:31,2
DA:33,2
DA:39,2
DA:41,2
LF:16
LH:16
BRDA:5,0,0,1
BRDA:5,0,1,1
BRDA:27,1,0,3
BRDA:27,1,1,2
BRDA:31,2,0,1
BRDA:31,2,1,1
BRF:6
BRH:6
end_of_record
TN:
SF:/Users/noahglaser/project/node/electron-tool-tracker/app/service/tool/get-tool.ts
FN:7,(anonymous_6)
FN:7,(anonymous_7)
FN:13,(anonymous_8)
FN:23,(anonymous_9)
FN:23,(anonymous_10)
FNF:5
FNH:5
FNDA:1,(anonymous_6)
FNDA:1,(anonymous_7)
FNDA:2,(anonymous_8)
FNDA:2,(anonymous_9)
FNDA:2,(anonymous_10)
DA:1,1
DA:2,1
DA:7,1
DA:8,1
DA:13,1
DA:14,2
DA:17,1
DA:23,2
DA:24,2
DA:27,1
DA:30,1
DA:32,1
LF:12
LH:12
BRF:0
BRH:0
end_of_record
TN:
SF:/Users/noahglaser/project/node/electron-tool-tracker/app/service/tool/return-tool.ts
FN:4,(anonymous_6)
FN:13,(anonymous_7)
FN:13,(anonymous_8)
FNF:3
FNH:3
FNDA:1,(anonymous_6)
FNDA:3,(anonymous_7)
FNDA:3,(anonymous_8)
DA:1,1
DA:2,1
DA:4,1
DA:5,1
DA:6,1
DA:7,1
DA:13,3
DA:17,3
DA:20,1
DA:23,2
DA:25,2
DA:28,1
DA:31,1
DA:32,1
DA:34,1
DA:36,1
LF:16
LH:16
BRDA:4,0,0,1
BRDA:4,0,1,1
BRF:2
BRH:2
end_of_record
TN:
SF:/Users/noahglaser/project/node/electron-tool-tracker/app/service/tool/save-tool.ts
FN:3,(anonymous_6)
FN:3,(anonymous_7)
FN:7,(anonymous_8)
FN:7,(anonymous_9)
FNF:4
FNH:4
FNDA:1,(anonymous_6)
FNDA:1,(anonymous_7)
FNDA:1,(anonymous_8)
FNDA:1,(anonymous_9)
DA:1,1
DA:3,1
DA:4,1
DA:7,1
DA:8,1
DA:9,1
DA:10,1
DA:11,1
DA:12,1
LF:9
LH:9
BRF:0
BRH:0
end_of_record
TN:
SF:/Users/noahglaser/project/node/electron-tool-tracker/app/service/tool/tool-helper.ts
FN:7,(anonymous_6)
FN:8,(anonymous_7)
FN:15,(anonymous_8)
FN:15,(anonymous_9)
FN:34,(anonymous_10)
FN:34,(anonymous_11)
FN:35,(anonymous_12)
FN:35,(anonymous_13)
FNF:8
FNH:8
FNDA:9,(anonymous_6)
FNDA:12,(anonymous_7)
FNDA:4,(anonymous_8)
FNDA:4,(anonymous_9)
FNDA:4,(anonymous_10)
FNDA:4,(anonymous_11)
FNDA:12,(anonymous_12)
FNDA:12,(anonymous_13)
DA:2,4
DA:7,4
DA:8,9
DA:9,12
DA:15,4
DA:17,4
DA:19,4
DA:34,4
DA:35,12
DA:36,12
DA:38,12
LF:11
LH:11
BRDA:36,0,0,8
BRDA:36,0,1,4
BRF:2
BRH:2
end_of_record
